<?xml version="1.0" encoding="UTF-8"?>
<!-- Generated by org.testng.reporters.JUnitReportReporter -->
<testsuite hostname="DESKTOP-8KLQP9T" failures="0" tests="1" name="testng.TestngdemoTest" time="0.014" errors="0" timestamp="2021-08-31T21:09:47 IST" skipped="0">
  <testcase classname="testng.TestngdemoTest" name="f" time="0.014"/>
  <system-out/>
</testsuite> <!-- testng.TestngdemoTest -->
